<?xml version="1.0" encoding="UTF-8"?>
<testsuite xmlns:xsi="http://www.w3.org/2001/XMLSchema-instance" xsi:noNamespaceSchemaLocation="https://maven.apache.org/surefire/maven-surefire-plugin/xsd/surefire-test-report.xsd" name="com.example.web.integration.ContactServiceIntegrationTest" time="0.569" tests="10" errors="3" skipped="0" failures="3">
  <properties>
    <property name="java.specification.version" value="16"/>
    <property name="sun.cpu.isalist" value="amd64"/>
    <property name="sun.jnu.encoding" value="Cp1251"/>
    <property name="java.class.path" value="C:\Users\user\IdeaProjects\crm-system\crm-common\web\target\test-classes;C:\Users\user\IdeaProjects\crm-system\crm-common\web\target\classes;C:\Users\user\IdeaProjects\crm-system\crm-common\service-maper\target\service-maper-1.0-SNAPSHOT.jar;C:\Users\user\IdeaProjects\crm-system\crm-common\core\repository\target\repository-1.0-SNAPSHOT.jar;C:\Users\user\IdeaProjects\crm-system\crm-common\core\model\target\model-1.0-SNAPSHOT.jar;C:\Users\user\.m2\repository\org\postgresql\postgresql\42.2.22\postgresql-42.2.22.jar;C:\Users\user\.m2\repository\org\checkerframework\checker-qual\3.5.0\checker-qual-3.5.0.jar;C:\Users\user\.m2\repository\org\springframework\boot\spring-boot-starter-data-jpa\2.3.4.RELEASE\spring-boot-starter-data-jpa-2.3.4.RELEASE.jar;C:\Users\user\.m2\repository\org\springframework\boot\spring-boot-starter-aop\2.3.4.RELEASE\spring-boot-starter-aop-2.3.4.RELEASE.jar;C:\Users\user\.m2\repository\org\aspectj\aspectjweaver\1.9.6\aspectjweaver-1.9.6.jar;C:\Users\user\.m2\repository\org\springframework\boot\spring-boot-starter-jdbc\2.3.4.RELEASE\spring-boot-starter-jdbc-2.3.4.RELEASE.jar;C:\Users\user\.m2\repository\com\zaxxer\HikariCP\3.4.5\HikariCP-3.4.5.jar;C:\Users\user\.m2\repository\jakarta\transaction\jakarta.transaction-api\1.3.3\jakarta.transaction-api-1.3.3.jar;C:\Users\user\.m2\repository\jakarta\persistence\jakarta.persistence-api\2.2.3\jakarta.persistence-api-2.2.3.jar;C:\Users\user\.m2\repository\org\hibernate\hibernate-core\5.4.21.Final\hibernate-core-5.4.21.Final.jar;C:\Users\user\.m2\repository\org\javassist\javassist\3.24.0-GA\javassist-3.24.0-GA.jar;C:\Users\user\.m2\repository\antlr\antlr\2.7.7\antlr-2.7.7.jar;C:\Users\user\.m2\repository\org\jboss\jandex\2.1.3.Final\jandex-2.1.3.Final.jar;C:\Users\user\.m2\repository\org\dom4j\dom4j\2.1.3\dom4j-2.1.3.jar;C:\Users\user\.m2\repository\org\hibernate\common\hibernate-commons-annotations\5.1.0.Final\hibernate-commons-annotations-5.1.0.Final.jar;C:\Users\user\.m2\repository\org\glassfish\jaxb\jaxb-runtime\2.3.3\jaxb-runtime-2.3.3.jar;C:\Users\user\.m2\repository\org\glassfish\jaxb\txw2\2.3.3\txw2-2.3.3.jar;C:\Users\user\.m2\repository\com\sun\istack\istack-commons-runtime\3.0.11\istack-commons-runtime-3.0.11.jar;C:\Users\user\.m2\repository\org\springframework\spring-aspects\5.2.9.RELEASE\spring-aspects-5.2.9.RELEASE.jar;C:\Users\user\.m2\repository\org\springframework\data\spring-data-jpa\2.3.4.RELEASE\spring-data-jpa-2.3.4.RELEASE.jar;C:\Users\user\.m2\repository\org\springframework\data\spring-data-commons\2.3.4.RELEASE\spring-data-commons-2.3.4.RELEASE.jar;C:\Users\user\.m2\repository\org\springframework\spring-orm\5.2.9.RELEASE\spring-orm-5.2.9.RELEASE.jar;C:\Users\user\.m2\repository\org\springframework\spring-jdbc\5.2.9.RELEASE\spring-jdbc-5.2.9.RELEASE.jar;C:\Users\user\.m2\repository\org\springframework\spring-tx\5.2.9.RELEASE\spring-tx-5.2.9.RELEASE.jar;C:\Users\user\.m2\repository\org\aspectj\aspectjrt\1.9.6\aspectjrt-1.9.6.jar;C:\Users\user\.m2\repository\org\mapstruct\mapstruct\1.4.2.Final\mapstruct-1.4.2.Final.jar;C:\Users\user\.m2\repository\com\fasterxml\jackson\datatype\jackson-datatype-jsr310\2.12.5\jackson-datatype-jsr310-2.12.5.jar;C:\Users\user\.m2\repository\com\fasterxml\jackson\core\jackson-annotations\2.11.2\jackson-annotations-2.11.2.jar;C:\Users\user\.m2\repository\com\fasterxml\jackson\core\jackson-core\2.11.2\jackson-core-2.11.2.jar;C:\Users\user\.m2\repository\org\springframework\boot\spring-boot-starter-validation\2.3.4.RELEASE\spring-boot-starter-validation-2.3.4.RELEASE.jar;C:\Users\user\.m2\repository\org\glassfish\jakarta.el\3.0.3\jakarta.el-3.0.3.jar;C:\Users\user\.m2\repository\org\hibernate\validator\hibernate-validator\6.1.5.Final\hibernate-validator-6.1.5.Final.jar;C:\Users\user\.m2\repository\jakarta\validation\jakarta.validation-api\2.0.2\jakarta.validation-api-2.0.2.jar;C:\Users\user\.m2\repository\org\jboss\logging\jboss-logging\3.4.1.Final\jboss-logging-3.4.1.Final.jar;C:\Users\user\.m2\repository\com\fasterxml\classmate\1.5.1\classmate-1.5.1.jar;C:\Users\user\IdeaProjects\crm-system\crm-common\service\target\service-1.0-SNAPSHOT.jar;C:\Users\user\.m2\repository\org\springframework\boot\spring-boot-starter-test\2.3.4.RELEASE\spring-boot-starter-test-2.3.4.RELEASE.jar;C:\Users\user\.m2\repository\org\springframework\boot\spring-boot-test\2.3.4.RELEASE\spring-boot-test-2.3.4.RELEASE.jar;C:\Users\user\.m2\repository\org\springframework\boot\spring-boot-test-autoconfigure\2.3.4.RELEASE\spring-boot-test-autoconfigure-2.3.4.RELEASE.jar;C:\Users\user\.m2\repository\com\jayway\jsonpath\json-path\2.4.0\json-path-2.4.0.jar;C:\Users\user\.m2\repository\net\minidev\json-smart\2.3\json-smart-2.3.jar;C:\Users\user\.m2\repository\net\minidev\accessors-smart\1.2\accessors-smart-1.2.jar;C:\Users\user\.m2\repository\org\ow2\asm\asm\5.0.4\asm-5.0.4.jar;C:\Users\user\.m2\repository\jakarta\xml\bind\jakarta.xml.bind-api\2.3.3\jakarta.xml.bind-api-2.3.3.jar;C:\Users\user\.m2\repository\jakarta\activation\jakarta.activation-api\1.2.2\jakarta.activation-api-1.2.2.jar;C:\Users\user\.m2\repository\org\assertj\assertj-core\3.16.1\assertj-core-3.16.1.jar;C:\Users\user\.m2\repository\org\hamcrest\hamcrest\2.2\hamcrest-2.2.jar;C:\Users\user\.m2\repository\org\junit\jupiter\junit-jupiter\5.6.2\junit-jupiter-5.6.2.jar;C:\Users\user\.m2\repository\org\junit\jupiter\junit-jupiter-params\5.6.2\junit-jupiter-params-5.6.2.jar;C:\Users\user\.m2\repository\org\junit\jupiter\junit-jupiter-engine\5.6.2\junit-jupiter-engine-5.6.2.jar;C:\Users\user\.m2\repository\org\junit\vintage\junit-vintage-engine\5.6.2\junit-vintage-engine-5.6.2.jar;C:\Users\user\.m2\repository\org\junit\platform\junit-platform-engine\1.6.2\junit-platform-engine-1.6.2.jar;C:\Users\user\.m2\repository\org\mockito\mockito-core\3.3.3\mockito-core-3.3.3.jar;C:\Users\user\.m2\repository\net\bytebuddy\byte-buddy\1.10.14\byte-buddy-1.10.14.jar;C:\Users\user\.m2\repository\net\bytebuddy\byte-buddy-agent\1.10.14\byte-buddy-agent-1.10.14.jar;C:\Users\user\.m2\repository\org\objenesis\objenesis\2.6\objenesis-2.6.jar;C:\Users\user\.m2\repository\org\mockito\mockito-junit-jupiter\3.3.3\mockito-junit-jupiter-3.3.3.jar;C:\Users\user\.m2\repository\org\skyscreamer\jsonassert\1.5.0\jsonassert-1.5.0.jar;C:\Users\user\.m2\repository\com\vaadin\external\google\android-json\0.0.20131108.vaadin1\android-json-0.0.20131108.vaadin1.jar;C:\Users\user\.m2\repository\org\xmlunit\xmlunit-core\2.7.0\xmlunit-core-2.7.0.jar;C:\Users\user\.m2\repository\org\springframework\boot\spring-boot-starter-security\2.3.4.RELEASE\spring-boot-starter-security-2.3.4.RELEASE.jar;C:\Users\user\.m2\repository\org\springframework\spring-aop\5.2.9.RELEASE\spring-aop-5.2.9.RELEASE.jar;C:\Users\user\.m2\repository\org\springframework\security\spring-security-config\5.3.4.RELEASE\spring-security-config-5.3.4.RELEASE.jar;C:\Users\user\.m2\repository\org\springframework\boot\spring-boot-starter-mail\2.3.4.RELEASE\spring-boot-starter-mail-2.3.4.RELEASE.jar;C:\Users\user\.m2\repository\org\springframework\spring-context-support\5.2.9.RELEASE\spring-context-support-5.2.9.RELEASE.jar;C:\Users\user\.m2\repository\com\sun\mail\jakarta.mail\1.6.5\jakarta.mail-1.6.5.jar;C:\Users\user\.m2\repository\com\sun\activation\jakarta.activation\1.2.2\jakarta.activation-1.2.2.jar;C:\Users\user\.m2\repository\org\springframework\boot\spring-boot-starter\2.3.4.RELEASE\spring-boot-starter-2.3.4.RELEASE.jar;C:\Users\user\.m2\repository\org\springframework\boot\spring-boot\2.3.4.RELEASE\spring-boot-2.3.4.RELEASE.jar;C:\Users\user\.m2\repository\org\springframework\spring-context\5.2.9.RELEASE\spring-context-5.2.9.RELEASE.jar;C:\Users\user\.m2\repository\org\springframework\boot\spring-boot-autoconfigure\2.3.4.RELEASE\spring-boot-autoconfigure-2.3.4.RELEASE.jar;C:\Users\user\.m2\repository\org\springframework\boot\spring-boot-starter-logging\2.3.4.RELEASE\spring-boot-starter-logging-2.3.4.RELEASE.jar;C:\Users\user\.m2\repository\ch\qos\logback\logback-classic\1.2.3\logback-classic-1.2.3.jar;C:\Users\user\.m2\repository\ch\qos\logback\logback-core\1.2.3\logback-core-1.2.3.jar;C:\Users\user\.m2\repository\org\apache\logging\log4j\log4j-to-slf4j\2.13.3\log4j-to-slf4j-2.13.3.jar;C:\Users\user\.m2\repository\org\apache\logging\log4j\log4j-api\2.13.3\log4j-api-2.13.3.jar;C:\Users\user\.m2\repository\org\slf4j\jul-to-slf4j\1.7.30\jul-to-slf4j-1.7.30.jar;C:\Users\user\.m2\repository\jakarta\annotation\jakarta.annotation-api\1.3.5\jakarta.annotation-api-1.3.5.jar;C:\Users\user\.m2\repository\org\springframework\spring-core\5.2.9.RELEASE\spring-core-5.2.9.RELEASE.jar;C:\Users\user\.m2\repository\org\springframework\spring-jcl\5.2.9.RELEASE\spring-jcl-5.2.9.RELEASE.jar;C:\Users\user\.m2\repository\org\springframework\boot\spring-boot-starter-web\2.3.4.RELEASE\spring-boot-starter-web-2.3.4.RELEASE.jar;C:\Users\user\.m2\repository\org\springframework\boot\spring-boot-starter-json\2.3.4.RELEASE\spring-boot-starter-json-2.3.4.RELEASE.jar;C:\Users\user\.m2\repository\com\fasterxml\jackson\datatype\jackson-datatype-jdk8\2.11.2\jackson-datatype-jdk8-2.11.2.jar;C:\Users\user\.m2\repository\com\fasterxml\jackson\module\jackson-module-parameter-names\2.11.2\jackson-module-parameter-names-2.11.2.jar;C:\Users\user\.m2\repository\org\springframework\boot\spring-boot-starter-tomcat\2.3.4.RELEASE\spring-boot-starter-tomcat-2.3.4.RELEASE.jar;C:\Users\user\.m2\repository\org\apache\tomcat\embed\tomcat-embed-core\9.0.38\tomcat-embed-core-9.0.38.jar;C:\Users\user\.m2\repository\org\apache\tomcat\embed\tomcat-embed-websocket\9.0.38\tomcat-embed-websocket-9.0.38.jar;C:\Users\user\.m2\repository\org\springframework\spring-web\5.2.9.RELEASE\spring-web-5.2.9.RELEASE.jar;C:\Users\user\.m2\repository\org\springframework\spring-beans\5.2.9.RELEASE\spring-beans-5.2.9.RELEASE.jar;C:\Users\user\.m2\repository\org\springframework\spring-webmvc\5.2.9.RELEASE\spring-webmvc-5.2.9.RELEASE.jar;C:\Users\user\.m2\repository\org\springframework\spring-expression\5.2.9.RELEASE\spring-expression-5.2.9.RELEASE.jar;C:\Users\user\.m2\repository\org\liquibase\liquibase-maven-plugin\4.3.5\liquibase-maven-plugin-4.3.5.jar;C:\Users\user\.m2\repository\javax\xml\bind\jaxb-api\2.3.1\jaxb-api-2.3.1.jar;C:\Users\user\.m2\repository\javax\activation\javax.activation-api\1.2.0\javax.activation-api-1.2.0.jar;C:\Users\user\.m2\repository\org\apache\maven\maven-plugin-api\3.3.9\maven-plugin-api-3.3.9.jar;C:\Users\user\.m2\repository\org\apache\maven\maven-model\3.3.9\maven-model-3.3.9.jar;C:\Users\user\.m2\repository\org\eclipse\sisu\org.eclipse.sisu.plexus\0.3.2\org.eclipse.sisu.plexus-0.3.2.jar;C:\Users\user\.m2\repository\javax\enterprise\cdi-api\1.0\cdi-api-1.0.jar;C:\Users\user\.m2\repository\javax\annotation\jsr250-api\1.0\jsr250-api-1.0.jar;C:\Users\user\.m2\repository\org\eclipse\sisu\org.eclipse.sisu.inject\0.3.2\org.eclipse.sisu.inject-0.3.2.jar;C:\Users\user\.m2\repository\org\apache\maven\maven-core\3.3.9\maven-core-3.3.9.jar;C:\Users\user\.m2\repository\org\apache\maven\maven-settings\3.3.9\maven-settings-3.3.9.jar;C:\Users\user\.m2\repository\org\apache\maven\maven-settings-builder\3.3.9\maven-settings-builder-3.3.9.jar;C:\Users\user\.m2\repository\org\apache\maven\maven-builder-support\3.3.9\maven-builder-support-3.3.9.jar;C:\Users\user\.m2\repository\org\apache\maven\maven-repository-metadata\3.3.9\maven-repository-metadata-3.3.9.jar;C:\Users\user\.m2\repository\org\apache\maven\maven-model-builder\3.3.9\maven-model-builder-3.3.9.jar;C:\Users\user\.m2\repository\com\google\guava\guava\18.0\guava-18.0.jar;C:\Users\user\.m2\repository\org\apache\maven\maven-aether-provider\3.3.9\maven-aether-provider-3.3.9.jar;C:\Users\user\.m2\repository\org\eclipse\aether\aether-spi\1.0.2.v20150114\aether-spi-1.0.2.v20150114.jar;C:\Users\user\.m2\repository\org\eclipse\aether\aether-impl\1.0.2.v20150114\aether-impl-1.0.2.v20150114.jar;C:\Users\user\.m2\repository\org\eclipse\aether\aether-api\1.0.2.v20150114\aether-api-1.0.2.v20150114.jar;C:\Users\user\.m2\repository\org\eclipse\aether\aether-util\1.0.2.v20150114\aether-util-1.0.2.v20150114.jar;C:\Users\user\.m2\repository\com\google\inject\guice\4.0\guice-4.0-no_aop.jar;C:\Users\user\.m2\repository\javax\inject\javax.inject\1\javax.inject-1.jar;C:\Users\user\.m2\repository\aopalliance\aopalliance\1.0\aopalliance-1.0.jar;C:\Users\user\.m2\repository\org\codehaus\plexus\plexus-interpolation\1.21\plexus-interpolation-1.21.jar;C:\Users\user\.m2\repository\org\codehaus\plexus\plexus-utils\3.0.22\plexus-utils-3.0.22.jar;C:\Users\user\.m2\repository\org\codehaus\plexus\plexus-classworlds\2.5.2\plexus-classworlds-2.5.2.jar;C:\Users\user\.m2\repository\org\codehaus\plexus\plexus-component-annotations\1.6\plexus-component-annotations-1.6.jar;C:\Users\user\.m2\repository\org\sonatype\plexus\plexus-sec-dispatcher\1.3\plexus-sec-dispatcher-1.3.jar;C:\Users\user\.m2\repository\org\sonatype\plexus\plexus-cipher\1.4\plexus-cipher-1.4.jar;C:\Users\user\.m2\repository\org\apache\commons\commons-lang3\3.10\commons-lang3-3.10.jar;C:\Users\user\.m2\repository\org\apache\maven\maven-artifact\3.3.9\maven-artifact-3.3.9.jar;C:\Users\user\.m2\repository\org\apache\maven\maven-compat\3.3.9\maven-compat-3.3.9.jar;C:\Users\user\.m2\repository\org\apache\maven\wagon\wagon-provider-api\2.10\wagon-provider-api-2.10.jar;C:\Users\user\.m2\repository\org\liquibase\liquibase-core\4.3.5\liquibase-core-4.3.5.jar;C:\Users\user\.m2\repository\org\yaml\snakeyaml\1.29\snakeyaml-1.29.jar;C:\Users\user\.m2\repository\com\h2database\h2\1.4.200\h2-1.4.200.jar;C:\Users\user\.m2\repository\io\jsonwebtoken\jjwt\0.9.1\jjwt-0.9.1.jar;C:\Users\user\.m2\repository\com\fasterxml\jackson\core\jackson-databind\2.11.2\jackson-databind-2.11.2.jar;C:\Users\user\.m2\repository\org\springframework\security\spring-security-test\5.4.5\spring-security-test-5.4.5.jar;C:\Users\user\.m2\repository\org\springframework\security\spring-security-core\5.3.4.RELEASE\spring-security-core-5.3.4.RELEASE.jar;C:\Users\user\.m2\repository\org\springframework\security\spring-security-web\5.3.4.RELEASE\spring-security-web-5.3.4.RELEASE.jar;C:\Users\user\.m2\repository\org\springframework\spring-test\5.2.9.RELEASE\spring-test-5.2.9.RELEASE.jar;C:\Users\user\.m2\repository\com\icegreen\greenmail-junit5\1.6.1\greenmail-junit5-1.6.1.jar;C:\Users\user\.m2\repository\com\icegreen\greenmail\1.6.1\greenmail-1.6.1.jar;C:\Users\user\.m2\repository\org\slf4j\slf4j-api\1.7.30\slf4j-api-1.7.30.jar;C:\Users\user\.m2\repository\junit\junit\4.13\junit-4.13.jar;C:\Users\user\.m2\repository\org\junit\jupiter\junit-jupiter-api\5.6.2\junit-jupiter-api-5.6.2.jar;C:\Users\user\.m2\repository\org\apiguardian\apiguardian-api\1.1.0\apiguardian-api-1.1.0.jar;C:\Users\user\.m2\repository\org\opentest4j\opentest4j\1.2.0\opentest4j-1.2.0.jar;C:\Users\user\.m2\repository\org\junit\platform\junit-platform-commons\1.6.2\junit-platform-commons-1.6.2.jar;C:\Users\user\.m2\repository\org\projectlombok\lombok\1.18.20\lombok-1.18.20.jar;"/>
    <property name="java.vm.vendor" value="Oracle Corporation"/>
    <property name="sun.arch.data.model" value="64"/>
    <property name="user.variant" value=""/>
    <property name="java.vendor.url" value="https://java.oracle.com/"/>
    <property name="user.timezone" value="Europe/Moscow"/>
    <property name="os.name" value="Windows 10"/>
    <property name="java.vm.specification.version" value="16"/>
    <property name="sun.java.launcher" value="SUN_STANDARD"/>
    <property name="user.country" value="RU"/>
    <property name="sun.boot.library.path" value="C:\Program Files\Java\jdk-16.0.1\bin"/>
    <property name="sun.java.command" value="C:\Users\user\AppData\Local\Temp\surefire15066833467440397962\surefirebooter17244320831563471379.jar C:\Users\user\AppData\Local\Temp\surefire15066833467440397962 2021-09-28T17-03-04_682-jvmRun1 surefire6614887568568953458tmp surefire_16401366789417311225tmp"/>
    <property name="jdk.debug" value="release"/>
    <property name="surefire.test.class.path" value="C:\Users\user\IdeaProjects\crm-system\crm-common\web\target\test-classes;C:\Users\user\IdeaProjects\crm-system\crm-common\web\target\classes;C:\Users\user\IdeaProjects\crm-system\crm-common\service-maper\target\service-maper-1.0-SNAPSHOT.jar;C:\Users\user\IdeaProjects\crm-system\crm-common\core\repository\target\repository-1.0-SNAPSHOT.jar;C:\Users\user\IdeaProjects\crm-system\crm-common\core\model\target\model-1.0-SNAPSHOT.jar;C:\Users\user\.m2\repository\org\postgresql\postgresql\42.2.22\postgresql-42.2.22.jar;C:\Users\user\.m2\repository\org\checkerframework\checker-qual\3.5.0\checker-qual-3.5.0.jar;C:\Users\user\.m2\repository\org\springframework\boot\spring-boot-starter-data-jpa\2.3.4.RELEASE\spring-boot-starter-data-jpa-2.3.4.RELEASE.jar;C:\Users\user\.m2\repository\org\springframework\boot\spring-boot-starter-aop\2.3.4.RELEASE\spring-boot-starter-aop-2.3.4.RELEASE.jar;C:\Users\user\.m2\repository\org\aspectj\aspectjweaver\1.9.6\aspectjweaver-1.9.6.jar;C:\Users\user\.m2\repository\org\springframework\boot\spring-boot-starter-jdbc\2.3.4.RELEASE\spring-boot-starter-jdbc-2.3.4.RELEASE.jar;C:\Users\user\.m2\repository\com\zaxxer\HikariCP\3.4.5\HikariCP-3.4.5.jar;C:\Users\user\.m2\repository\jakarta\transaction\jakarta.transaction-api\1.3.3\jakarta.transaction-api-1.3.3.jar;C:\Users\user\.m2\repository\jakarta\persistence\jakarta.persistence-api\2.2.3\jakarta.persistence-api-2.2.3.jar;C:\Users\user\.m2\repository\org\hibernate\hibernate-core\5.4.21.Final\hibernate-core-5.4.21.Final.jar;C:\Users\user\.m2\repository\org\javassist\javassist\3.24.0-GA\javassist-3.24.0-GA.jar;C:\Users\user\.m2\repository\antlr\antlr\2.7.7\antlr-2.7.7.jar;C:\Users\user\.m2\repository\org\jboss\jandex\2.1.3.Final\jandex-2.1.3.Final.jar;C:\Users\user\.m2\repository\org\dom4j\dom4j\2.1.3\dom4j-2.1.3.jar;C:\Users\user\.m2\repository\org\hibernate\common\hibernate-commons-annotations\5.1.0.Final\hibernate-commons-annotations-5.1.0.Final.jar;C:\Users\user\.m2\repository\org\glassfish\jaxb\jaxb-runtime\2.3.3\jaxb-runtime-2.3.3.jar;C:\Users\user\.m2\repository\org\glassfish\jaxb\txw2\2.3.3\txw2-2.3.3.jar;C:\Users\user\.m2\repository\com\sun\istack\istack-commons-runtime\3.0.11\istack-commons-runtime-3.0.11.jar;C:\Users\user\.m2\repository\org\springframework\spring-aspects\5.2.9.RELEASE\spring-aspects-5.2.9.RELEASE.jar;C:\Users\user\.m2\repository\org\springframework\data\spring-data-jpa\2.3.4.RELEASE\spring-data-jpa-2.3.4.RELEASE.jar;C:\Users\user\.m2\repository\org\springframework\data\spring-data-commons\2.3.4.RELEASE\spring-data-commons-2.3.4.RELEASE.jar;C:\Users\user\.m2\repository\org\springframework\spring-orm\5.2.9.RELEASE\spring-orm-5.2.9.RELEASE.jar;C:\Users\user\.m2\repository\org\springframework\spring-jdbc\5.2.9.RELEASE\spring-jdbc-5.2.9.RELEASE.jar;C:\Users\user\.m2\repository\org\springframework\spring-tx\5.2.9.RELEASE\spring-tx-5.2.9.RELEASE.jar;C:\Users\user\.m2\repository\org\aspectj\aspectjrt\1.9.6\aspectjrt-1.9.6.jar;C:\Users\user\.m2\repository\org\mapstruct\mapstruct\1.4.2.Final\mapstruct-1.4.2.Final.jar;C:\Users\user\.m2\repository\com\fasterxml\jackson\datatype\jackson-datatype-jsr310\2.12.5\jackson-datatype-jsr310-2.12.5.jar;C:\Users\user\.m2\repository\com\fasterxml\jackson\core\jackson-annotations\2.11.2\jackson-annotations-2.11.2.jar;C:\Users\user\.m2\repository\com\fasterxml\jackson\core\jackson-core\2.11.2\jackson-core-2.11.2.jar;C:\Users\user\.m2\repository\org\springframework\boot\spring-boot-starter-validation\2.3.4.RELEASE\spring-boot-starter-validation-2.3.4.RELEASE.jar;C:\Users\user\.m2\repository\org\glassfish\jakarta.el\3.0.3\jakarta.el-3.0.3.jar;C:\Users\user\.m2\repository\org\hibernate\validator\hibernate-validator\6.1.5.Final\hibernate-validator-6.1.5.Final.jar;C:\Users\user\.m2\repository\jakarta\validation\jakarta.validation-api\2.0.2\jakarta.validation-api-2.0.2.jar;C:\Users\user\.m2\repository\org\jboss\logging\jboss-logging\3.4.1.Final\jboss-logging-3.4.1.Final.jar;C:\Users\user\.m2\repository\com\fasterxml\classmate\1.5.1\classmate-1.5.1.jar;C:\Users\user\IdeaProjects\crm-system\crm-common\service\target\service-1.0-SNAPSHOT.jar;C:\Users\user\.m2\repository\org\springframework\boot\spring-boot-starter-test\2.3.4.RELEASE\spring-boot-starter-test-2.3.4.RELEASE.jar;C:\Users\user\.m2\repository\org\springframework\boot\spring-boot-test\2.3.4.RELEASE\spring-boot-test-2.3.4.RELEASE.jar;C:\Users\user\.m2\repository\org\springframework\boot\spring-boot-test-autoconfigure\2.3.4.RELEASE\spring-boot-test-autoconfigure-2.3.4.RELEASE.jar;C:\Users\user\.m2\repository\com\jayway\jsonpath\json-path\2.4.0\json-path-2.4.0.jar;C:\Users\user\.m2\repository\net\minidev\json-smart\2.3\json-smart-2.3.jar;C:\Users\user\.m2\repository\net\minidev\accessors-smart\1.2\accessors-smart-1.2.jar;C:\Users\user\.m2\repository\org\ow2\asm\asm\5.0.4\asm-5.0.4.jar;C:\Users\user\.m2\repository\jakarta\xml\bind\jakarta.xml.bind-api\2.3.3\jakarta.xml.bind-api-2.3.3.jar;C:\Users\user\.m2\repository\jakarta\activation\jakarta.activation-api\1.2.2\jakarta.activation-api-1.2.2.jar;C:\Users\user\.m2\repository\org\assertj\assertj-core\3.16.1\assertj-core-3.16.1.jar;C:\Users\user\.m2\repository\org\hamcrest\hamcrest\2.2\hamcrest-2.2.jar;C:\Users\user\.m2\repository\org\junit\jupiter\junit-jupiter\5.6.2\junit-jupiter-5.6.2.jar;C:\Users\user\.m2\repository\org\junit\jupiter\junit-jupiter-params\5.6.2\junit-jupiter-params-5.6.2.jar;C:\Users\user\.m2\repository\org\junit\jupiter\junit-jupiter-engine\5.6.2\junit-jupiter-engine-5.6.2.jar;C:\Users\user\.m2\repository\org\junit\vintage\junit-vintage-engine\5.6.2\junit-vintage-engine-5.6.2.jar;C:\Users\user\.m2\repository\org\junit\platform\junit-platform-engine\1.6.2\junit-platform-engine-1.6.2.jar;C:\Users\user\.m2\repository\org\mockito\mockito-core\3.3.3\mockito-core-3.3.3.jar;C:\Users\user\.m2\repository\net\bytebuddy\byte-buddy\1.10.14\byte-buddy-1.10.14.jar;C:\Users\user\.m2\repository\net\bytebuddy\byte-buddy-agent\1.10.14\byte-buddy-agent-1.10.14.jar;C:\Users\user\.m2\repository\org\objenesis\objenesis\2.6\objenesis-2.6.jar;C:\Users\user\.m2\repository\org\mockito\mockito-junit-jupiter\3.3.3\mockito-junit-jupiter-3.3.3.jar;C:\Users\user\.m2\repository\org\skyscreamer\jsonassert\1.5.0\jsonassert-1.5.0.jar;C:\Users\user\.m2\repository\com\vaadin\external\google\android-json\0.0.20131108.vaadin1\android-json-0.0.20131108.vaadin1.jar;C:\Users\user\.m2\repository\org\xmlunit\xmlunit-core\2.7.0\xmlunit-core-2.7.0.jar;C:\Users\user\.m2\repository\org\springframework\boot\spring-boot-starter-security\2.3.4.RELEASE\spring-boot-starter-security-2.3.4.RELEASE.jar;C:\Users\user\.m2\repository\org\springframework\spring-aop\5.2.9.RELEASE\spring-aop-5.2.9.RELEASE.jar;C:\Users\user\.m2\repository\org\springframework\security\spring-security-config\5.3.4.RELEASE\spring-security-config-5.3.4.RELEASE.jar;C:\Users\user\.m2\repository\org\springframework\boot\spring-boot-starter-mail\2.3.4.RELEASE\spring-boot-starter-mail-2.3.4.RELEASE.jar;C:\Users\user\.m2\repository\org\springframework\spring-context-support\5.2.9.RELEASE\spring-context-support-5.2.9.RELEASE.jar;C:\Users\user\.m2\repository\com\sun\mail\jakarta.mail\1.6.5\jakarta.mail-1.6.5.jar;C:\Users\user\.m2\repository\com\sun\activation\jakarta.activation\1.2.2\jakarta.activation-1.2.2.jar;C:\Users\user\.m2\repository\org\springframework\boot\spring-boot-starter\2.3.4.RELEASE\spring-boot-starter-2.3.4.RELEASE.jar;C:\Users\user\.m2\repository\org\springframework\boot\spring-boot\2.3.4.RELEASE\spring-boot-2.3.4.RELEASE.jar;C:\Users\user\.m2\repository\org\springframework\spring-context\5.2.9.RELEASE\spring-context-5.2.9.RELEASE.jar;C:\Users\user\.m2\repository\org\springframework\boot\spring-boot-autoconfigure\2.3.4.RELEASE\spring-boot-autoconfigure-2.3.4.RELEASE.jar;C:\Users\user\.m2\repository\org\springframework\boot\spring-boot-starter-logging\2.3.4.RELEASE\spring-boot-starter-logging-2.3.4.RELEASE.jar;C:\Users\user\.m2\repository\ch\qos\logback\logback-classic\1.2.3\logback-classic-1.2.3.jar;C:\Users\user\.m2\repository\ch\qos\logback\logback-core\1.2.3\logback-core-1.2.3.jar;C:\Users\user\.m2\repository\org\apache\logging\log4j\log4j-to-slf4j\2.13.3\log4j-to-slf4j-2.13.3.jar;C:\Users\user\.m2\repository\org\apache\logging\log4j\log4j-api\2.13.3\log4j-api-2.13.3.jar;C:\Users\user\.m2\repository\org\slf4j\jul-to-slf4j\1.7.30\jul-to-slf4j-1.7.30.jar;C:\Users\user\.m2\repository\jakarta\annotation\jakarta.annotation-api\1.3.5\jakarta.annotation-api-1.3.5.jar;C:\Users\user\.m2\repository\org\springframework\spring-core\5.2.9.RELEASE\spring-core-5.2.9.RELEASE.jar;C:\Users\user\.m2\repository\org\springframework\spring-jcl\5.2.9.RELEASE\spring-jcl-5.2.9.RELEASE.jar;C:\Users\user\.m2\repository\org\springframework\boot\spring-boot-starter-web\2.3.4.RELEASE\spring-boot-starter-web-2.3.4.RELEASE.jar;C:\Users\user\.m2\repository\org\springframework\boot\spring-boot-starter-json\2.3.4.RELEASE\spring-boot-starter-json-2.3.4.RELEASE.jar;C:\Users\user\.m2\repository\com\fasterxml\jackson\datatype\jackson-datatype-jdk8\2.11.2\jackson-datatype-jdk8-2.11.2.jar;C:\Users\user\.m2\repository\com\fasterxml\jackson\module\jackson-module-parameter-names\2.11.2\jackson-module-parameter-names-2.11.2.jar;C:\Users\user\.m2\repository\org\springframework\boot\spring-boot-starter-tomcat\2.3.4.RELEASE\spring-boot-starter-tomcat-2.3.4.RELEASE.jar;C:\Users\user\.m2\repository\org\apache\tomcat\embed\tomcat-embed-core\9.0.38\tomcat-embed-core-9.0.38.jar;C:\Users\user\.m2\repository\org\apache\tomcat\embed\tomcat-embed-websocket\9.0.38\tomcat-embed-websocket-9.0.38.jar;C:\Users\user\.m2\repository\org\springframework\spring-web\5.2.9.RELEASE\spring-web-5.2.9.RELEASE.jar;C:\Users\user\.m2\repository\org\springframework\spring-beans\5.2.9.RELEASE\spring-beans-5.2.9.RELEASE.jar;C:\Users\user\.m2\repository\org\springframework\spring-webmvc\5.2.9.RELEASE\spring-webmvc-5.2.9.RELEASE.jar;C:\Users\user\.m2\repository\org\springframework\spring-expression\5.2.9.RELEASE\spring-expression-5.2.9.RELEASE.jar;C:\Users\user\.m2\repository\org\liquibase\liquibase-maven-plugin\4.3.5\liquibase-maven-plugin-4.3.5.jar;C:\Users\user\.m2\repository\javax\xml\bind\jaxb-api\2.3.1\jaxb-api-2.3.1.jar;C:\Users\user\.m2\repository\javax\activation\javax.activation-api\1.2.0\javax.activation-api-1.2.0.jar;C:\Users\user\.m2\repository\org\apache\maven\maven-plugin-api\3.3.9\maven-plugin-api-3.3.9.jar;C:\Users\user\.m2\repository\org\apache\maven\maven-model\3.3.9\maven-model-3.3.9.jar;C:\Users\user\.m2\repository\org\eclipse\sisu\org.eclipse.sisu.plexus\0.3.2\org.eclipse.sisu.plexus-0.3.2.jar;C:\Users\user\.m2\repository\javax\enterprise\cdi-api\1.0\cdi-api-1.0.jar;C:\Users\user\.m2\repository\javax\annotation\jsr250-api\1.0\jsr250-api-1.0.jar;C:\Users\user\.m2\repository\org\eclipse\sisu\org.eclipse.sisu.inject\0.3.2\org.eclipse.sisu.inject-0.3.2.jar;C:\Users\user\.m2\repository\org\apache\maven\maven-core\3.3.9\maven-core-3.3.9.jar;C:\Users\user\.m2\repository\org\apache\maven\maven-settings\3.3.9\maven-settings-3.3.9.jar;C:\Users\user\.m2\repository\org\apache\maven\maven-settings-builder\3.3.9\maven-settings-builder-3.3.9.jar;C:\Users\user\.m2\repository\org\apache\maven\maven-builder-support\3.3.9\maven-builder-support-3.3.9.jar;C:\Users\user\.m2\repository\org\apache\maven\maven-repository-metadata\3.3.9\maven-repository-metadata-3.3.9.jar;C:\Users\user\.m2\repository\org\apache\maven\maven-model-builder\3.3.9\maven-model-builder-3.3.9.jar;C:\Users\user\.m2\repository\com\google\guava\guava\18.0\guava-18.0.jar;C:\Users\user\.m2\repository\org\apache\maven\maven-aether-provider\3.3.9\maven-aether-provider-3.3.9.jar;C:\Users\user\.m2\repository\org\eclipse\aether\aether-spi\1.0.2.v20150114\aether-spi-1.0.2.v20150114.jar;C:\Users\user\.m2\repository\org\eclipse\aether\aether-impl\1.0.2.v20150114\aether-impl-1.0.2.v20150114.jar;C:\Users\user\.m2\repository\org\eclipse\aether\aether-api\1.0.2.v20150114\aether-api-1.0.2.v20150114.jar;C:\Users\user\.m2\repository\org\eclipse\aether\aether-util\1.0.2.v20150114\aether-util-1.0.2.v20150114.jar;C:\Users\user\.m2\repository\com\google\inject\guice\4.0\guice-4.0-no_aop.jar;C:\Users\user\.m2\repository\javax\inject\javax.inject\1\javax.inject-1.jar;C:\Users\user\.m2\repository\aopalliance\aopalliance\1.0\aopalliance-1.0.jar;C:\Users\user\.m2\repository\org\codehaus\plexus\plexus-interpolation\1.21\plexus-interpolation-1.21.jar;C:\Users\user\.m2\repository\org\codehaus\plexus\plexus-utils\3.0.22\plexus-utils-3.0.22.jar;C:\Users\user\.m2\repository\org\codehaus\plexus\plexus-classworlds\2.5.2\plexus-classworlds-2.5.2.jar;C:\Users\user\.m2\repository\org\codehaus\plexus\plexus-component-annotations\1.6\plexus-component-annotations-1.6.jar;C:\Users\user\.m2\repository\org\sonatype\plexus\plexus-sec-dispatcher\1.3\plexus-sec-dispatcher-1.3.jar;C:\Users\user\.m2\repository\org\sonatype\plexus\plexus-cipher\1.4\plexus-cipher-1.4.jar;C:\Users\user\.m2\repository\org\apache\commons\commons-lang3\3.10\commons-lang3-3.10.jar;C:\Users\user\.m2\repository\org\apache\maven\maven-artifact\3.3.9\maven-artifact-3.3.9.jar;C:\Users\user\.m2\repository\org\apache\maven\maven-compat\3.3.9\maven-compat-3.3.9.jar;C:\Users\user\.m2\repository\org\apache\maven\wagon\wagon-provider-api\2.10\wagon-provider-api-2.10.jar;C:\Users\user\.m2\repository\org\liquibase\liquibase-core\4.3.5\liquibase-core-4.3.5.jar;C:\Users\user\.m2\repository\org\yaml\snakeyaml\1.29\snakeyaml-1.29.jar;C:\Users\user\.m2\repository\com\h2database\h2\1.4.200\h2-1.4.200.jar;C:\Users\user\.m2\repository\io\jsonwebtoken\jjwt\0.9.1\jjwt-0.9.1.jar;C:\Users\user\.m2\repository\com\fasterxml\jackson\core\jackson-databind\2.11.2\jackson-databind-2.11.2.jar;C:\Users\user\.m2\repository\org\springframework\security\spring-security-test\5.4.5\spring-security-test-5.4.5.jar;C:\Users\user\.m2\repository\org\springframework\security\spring-security-core\5.3.4.RELEASE\spring-security-core-5.3.4.RELEASE.jar;C:\Users\user\.m2\repository\org\springframework\security\spring-security-web\5.3.4.RELEASE\spring-security-web-5.3.4.RELEASE.jar;C:\Users\user\.m2\repository\org\springframework\spring-test\5.2.9.RELEASE\spring-test-5.2.9.RELEASE.jar;C:\Users\user\.m2\repository\com\icegreen\greenmail-junit5\1.6.1\greenmail-junit5-1.6.1.jar;C:\Users\user\.m2\repository\com\icegreen\greenmail\1.6.1\greenmail-1.6.1.jar;C:\Users\user\.m2\repository\org\slf4j\slf4j-api\1.7.30\slf4j-api-1.7.30.jar;C:\Users\user\.m2\repository\junit\junit\4.13\junit-4.13.jar;C:\Users\user\.m2\repository\org\junit\jupiter\junit-jupiter-api\5.6.2\junit-jupiter-api-5.6.2.jar;C:\Users\user\.m2\repository\org\apiguardian\apiguardian-api\1.1.0\apiguardian-api-1.1.0.jar;C:\Users\user\.m2\repository\org\opentest4j\opentest4j\1.2.0\opentest4j-1.2.0.jar;C:\Users\user\.m2\repository\org\junit\platform\junit-platform-commons\1.6.2\junit-platform-commons-1.6.2.jar;C:\Users\user\.m2\repository\org\projectlombok\lombok\1.18.20\lombok-1.18.20.jar;"/>
    <property name="sun.cpu.endian" value="little"/>
    <property name="user.home" value="C:\Users\user"/>
    <property name="user.language" value="ru"/>
    <property name="java.specification.vendor" value="Oracle Corporation"/>
    <property name="java.version.date" value="2021-04-20"/>
    <property name="java.home" value="C:\Program Files\Java\jdk-16.0.1"/>
    <property name="spring.profiles.active" value="test"/>
    <property name="file.separator" value="\"/>
    <property name="basedir" value="C:\Users\user\IdeaProjects\crm-system\crm-common\web"/>
    <property name="java.vm.compressedOopsMode" value="32-bit"/>
    <property name="line.separator" value="&#10;"/>
    <property name="java.vm.specification.vendor" value="Oracle Corporation"/>
    <property name="java.specification.name" value="Java Platform API Specification"/>
    <property name="surefire.real.class.path" value="C:\Users\user\AppData\Local\Temp\surefire15066833467440397962\surefirebooter17244320831563471379.jar"/>
    <property name="user.script" value=""/>
    <property name="sun.management.compiler" value="HotSpot 64-Bit Tiered Compilers"/>
    <property name="java.runtime.version" value="16.0.1+9-24"/>
    <property name="user.name" value="user"/>
    <property name="path.separator" value=";"/>
    <property name="os.version" value="10.0"/>
    <property name="java.runtime.name" value="Java(TM) SE Runtime Environment"/>
    <property name="file.encoding" value="Cp1251"/>
    <property name="java.vm.name" value="Java HotSpot(TM) 64-Bit Server VM"/>
    <property name="localRepository" value="C:\Users\user\.m2\repository"/>
    <property name="java.vendor.url.bug" value="https://bugreport.java.com/bugreport/"/>
    <property name="java.io.tmpdir" value="C:\Users\user\AppData\Local\Temp\"/>
    <property name="java.version" value="16.0.1"/>
    <property name="user.dir" value="C:\Users\user\IdeaProjects\crm-system\crm-common\web"/>
    <property name="os.arch" value="amd64"/>
    <property name="java.vm.specification.name" value="Java Virtual Machine Specification"/>
    <property name="sun.os.patch.level" value=""/>
    <property name="java.library.path" value="C:\Program Files\Java\jdk-16.0.1\bin;C:\Windows\Sun\Java\bin;C:\Windows\system32;C:\Windows;C:\Program Files (x86)\Common Files\Oracle\Java\javapath;C:\Program Files\Java\jdk-16.0.1\bin;C:\Windows\system32;C:\Windows;C:\Windows\System32\Wbem;C:\Windows\System32\WindowsPowerShell\v1.0\;C:\Windows\System32\OpenSSH\;C:\Program Files\Git\cmd;C:\Program Files\Java\jdk-16.0.1\bin;C:\Program Files\apache-maven-3.8.1\bin;C:\Program Files\nodejs\;C:\Program Files\MongoDb\Server\4.4\bin;C:\Program Files\kubernetes;C:\Gradle\gradle-7.0.2\bin;C:\Program Files\Docker\Docker\resources\bin;C:\ProgramData\DockerDesktop\version-bin;C:\Program Files (x86)\IDEMIA\AWP\Dlls;C:\Program Files\IDEMIA\AWP\Dlls;C:\HashiCorp\Vagrant\bin;C:\kafka\bin\windows;C:\Users\user\scoop\shims;C:\Users\user\AppData\Local\Microsoft\WindowsApps;C:\Users\user\AppData\Roaming\npm;C:\Users\user\Documents\WindowsPowerShell\Scripts;C:\Program Files\kubernetes;C:\Program Files\liquibase;C:\Gradle\gradle-7.0.2\bin;C:\Program Files\heroku\bin;C:\Users\user\AppData\Local\Programs\Microsoft VS Code\bin;C:\kafka\bin\windows;;."/>
    <property name="java.vm.info" value="mixed mode, sharing"/>
    <property name="java.vendor" value="Oracle Corporation"/>
    <property name="java.vm.version" value="16.0.1+9-24"/>
    <property name="sun.io.unicode.encoding" value="UnicodeLittle"/>
    <property name="java.class.version" value="60.0"/>
  </properties>
  <testcase name="shouldThrowExceptionIfGetContactByEmailWithWrongEmail" classname="com.example.web.integration.ContactServiceIntegrationTest" time="0.03"/>
  <testcase name="shouldFindAllContactsProperly" classname="com.example.web.integration.ContactServiceIntegrationTest" time="0.038">
    <failure message="&#10;Expecting:&#10;  &lt;[]&gt;&#10;to be equal to:&#10;  &lt;[Contact(id=1, firstName=Alex, lastName=Davidson, jobTitle=CEO, company=Harper Corporation, country=USA, email=alex_davidson@gmail.com, mobilePhone=+12027995223, user=null),&#10;    Contact(id=2, firstName=Jack, lastName=Smith, jobTitle=Architecture, company=Peterson &amp; Davids, country=Canada, email=jack_smith@gmail.com, mobilePhone=+14378455569, user=null),&#10;    Contact(id=3, firstName=Maria, lastName=Smirnova, jobTitle=Lead Designer, company=ReversePyramid LTD, country=UK, email=maria_smirnova@gmail.com, mobilePhone=+447911123456, user=null),&#10;    Contact(id=4, firstName=Martin, lastName=Laanpere, jobTitle=Software Engineer, company=TLU, country=Estonia, email=martin_laanpere@gmail.com, mobilePhone=+3724444444, user=null),&#10;    Contact(id=5, firstName=Viktor, lastName=Volochay, jobTitle=Product manager, company=Wildmap, country=Ukraine, email=viktor_volochay@gmail.com, mobilePhone=+3805543321, user=null)]&gt;&#10;when recursively comparing field by field, but found the following difference:&#10;&#10;Top level actual and expected objects differ:&#10;- actual value   : []&#10;- expected value : [Contact(id=1, firstName=Alex, lastName=Davidson, jobTitle=CEO, company=Harper Corporation, country=USA, email=alex_davidson@gmail.com, mobilePhone=+12027995223, user=null),&#10;    Contact(id=2, firstName=Jack, lastName=Smith, jobTitle=Architecture, company=Peterson &amp; Davids, country=Canada, email=jack_smith@gmail.com, mobilePhone=+14378455569, user=null),&#10;    Contact(id=3, firstName=Maria, lastName=Smirnova, jobTitle=Lead Designer, company=ReversePyramid LTD, country=UK, email=maria_smirnova@gmail.com, mobilePhone=+447911123456, user=null),&#10;    Contact(id=4, firstName=Martin, lastName=Laanpere, jobTitle=Software Engineer, company=TLU, country=Estonia, email=martin_laanpere@gmail.com, mobilePhone=+3724444444, user=null),&#10;    Contact(id=5, firstName=Viktor, lastName=Volochay, jobTitle=Product manager, company=Wildmap, country=Ukraine, email=viktor_volochay@gmail.com, mobilePhone=+3805543321, user=null)]&#10;actual and expected values are collections of different size, actual size=0 when expected size=5&#10;&#10;The recursive comparison was performed with this configuration:&#10;- overridden equals methods were used in the comparison&#10;- these types were compared with the following comparators:&#10;  - java.lang.Double -&gt; DoubleComparator[precision=1.0E-15]&#10;  - java.lang.Float -&gt; FloatComparator[precision=1.0E-6]&#10;- actual and expected objects and their fields were compared field by field recursively even if they were not of the same type, this allows for example to compare a Person to a PersonDto (call strictTypeChecking(true) to change that behavior).&#10;" type="java.lang.AssertionError"><![CDATA[java.lang.AssertionError: 

Expecting:
  <[]>
to be equal to:
  <[Contact(id=1, firstName=Alex, lastName=Davidson, jobTitle=CEO, company=Harper Corporation, country=USA, email=alex_davidson@gmail.com, mobilePhone=+12027995223, user=null),
    Contact(id=2, firstName=Jack, lastName=Smith, jobTitle=Architecture, company=Peterson & Davids, country=Canada, email=jack_smith@gmail.com, mobilePhone=+14378455569, user=null),
    Contact(id=3, firstName=Maria, lastName=Smirnova, jobTitle=Lead Designer, company=ReversePyramid LTD, country=UK, email=maria_smirnova@gmail.com, mobilePhone=+447911123456, user=null),
    Contact(id=4, firstName=Martin, lastName=Laanpere, jobTitle=Software Engineer, company=TLU, country=Estonia, email=martin_laanpere@gmail.com, mobilePhone=+3724444444, user=null),
    Contact(id=5, firstName=Viktor, lastName=Volochay, jobTitle=Product manager, company=Wildmap, country=Ukraine, email=viktor_volochay@gmail.com, mobilePhone=+3805543321, user=null)]>
when recursively comparing field by field, but found the following difference:

Top level actual and expected objects differ:
- actual value   : []
- expected value : [Contact(id=1, firstName=Alex, lastName=Davidson, jobTitle=CEO, company=Harper Corporation, country=USA, email=alex_davidson@gmail.com, mobilePhone=+12027995223, user=null),
    Contact(id=2, firstName=Jack, lastName=Smith, jobTitle=Architecture, company=Peterson & Davids, country=Canada, email=jack_smith@gmail.com, mobilePhone=+14378455569, user=null),
    Contact(id=3, firstName=Maria, lastName=Smirnova, jobTitle=Lead Designer, company=ReversePyramid LTD, country=UK, email=maria_smirnova@gmail.com, mobilePhone=+447911123456, user=null),
    Contact(id=4, firstName=Martin, lastName=Laanpere, jobTitle=Software Engineer, company=TLU, country=Estonia, email=martin_laanpere@gmail.com, mobilePhone=+3724444444, user=null),
    Contact(id=5, firstName=Viktor, lastName=Volochay, jobTitle=Product manager, company=Wildmap, country=Ukraine, email=viktor_volochay@gmail.com, mobilePhone=+3805543321, user=null)]
actual and expected values are collections of different size, actual size=0 when expected size=5

The recursive comparison was performed with this configuration:
- overridden equals methods were used in the comparison
- these types were compared with the following comparators:
  - java.lang.Double -> DoubleComparator[precision=1.0E-15]
  - java.lang.Float -> FloatComparator[precision=1.0E-6]
- actual and expected objects and their fields were compared field by field recursively even if they were not of the same type, this allows for example to compare a Person to a PersonDto (call strictTypeChecking(true) to change that behavior).

	at com.example.web.integration.ContactServiceIntegrationTest.shouldFindAllContactsProperly(ContactServiceIntegrationTest.java:48)
]]></failure>
    <system-out><![CDATA[2021-09-28 17:03:34.245  INFO 5364 --- [           main] c.e.w.i.ContactServiceIntegrationTest    : Test findAllContacts() method of the Contact service class
2021-09-28 17:03:34.247  INFO 5364 --- [           main] c.e.service.contact.ContactServiceImpl   : Receiving a page for all contacts
Hibernate: select contact0_.id as id1_1_, contact0_.company as company2_1_, contact0_.country as country3_1_, contact0_.email as email4_1_, contact0_.first_name as first_na5_1_, contact0_.job_title as job_titl6_1_, contact0_.last_name as last_nam7_1_, contact0_.mobile_phone as mobile_p8_1_, contact0_.user_id as user_id9_1_ from contact contact0_ limit ?
]]></system-out>
  </testcase>
  <testcase name="shouldFindAllByFilterParamProperly" classname="com.example.web.integration.ContactServiceIntegrationTest" time="0.037">
    <failure message="&#10;Expecting:&#10;  &lt;[]&gt;&#10;to be equal to:&#10;  &lt;[Contact(id=3, firstName=Maria, lastName=Smirnova, jobTitle=Lead Designer, company=ReversePyramid LTD, country=UK, email=maria_smirnova@gmail.com, mobilePhone=+447911123456, user=null),&#10;    Contact(id=4, firstName=Martin, lastName=Laanpere, jobTitle=Software Engineer, company=TLU, country=Estonia, email=martin_laanpere@gmail.com, mobilePhone=+3724444444, user=null)]&gt;&#10;when recursively comparing field by field, but found the following difference:&#10;&#10;Top level actual and expected objects differ:&#10;- actual value   : []&#10;- expected value : [Contact(id=3, firstName=Maria, lastName=Smirnova, jobTitle=Lead Designer, company=ReversePyramid LTD, country=UK, email=maria_smirnova@gmail.com, mobilePhone=+447911123456, user=null),&#10;    Contact(id=4, firstName=Martin, lastName=Laanpere, jobTitle=Software Engineer, company=TLU, country=Estonia, email=martin_laanpere@gmail.com, mobilePhone=+3724444444, user=null)]&#10;actual and expected values are collections of different size, actual size=0 when expected size=2&#10;&#10;The recursive comparison was performed with this configuration:&#10;- overridden equals methods were used in the comparison&#10;- these types were compared with the following comparators:&#10;  - java.lang.Double -&gt; DoubleComparator[precision=1.0E-15]&#10;  - java.lang.Float -&gt; FloatComparator[precision=1.0E-6]&#10;- actual and expected objects and their fields were compared field by field recursively even if they were not of the same type, this allows for example to compare a Person to a PersonDto (call strictTypeChecking(true) to change that behavior).&#10;" type="java.lang.AssertionError"><![CDATA[java.lang.AssertionError: 

Expecting:
  <[]>
to be equal to:
  <[Contact(id=3, firstName=Maria, lastName=Smirnova, jobTitle=Lead Designer, company=ReversePyramid LTD, country=UK, email=maria_smirnova@gmail.com, mobilePhone=+447911123456, user=null),
    Contact(id=4, firstName=Martin, lastName=Laanpere, jobTitle=Software Engineer, company=TLU, country=Estonia, email=martin_laanpere@gmail.com, mobilePhone=+3724444444, user=null)]>
when recursively comparing field by field, but found the following difference:

Top level actual and expected objects differ:
- actual value   : []
- expected value : [Contact(id=3, firstName=Maria, lastName=Smirnova, jobTitle=Lead Designer, company=ReversePyramid LTD, country=UK, email=maria_smirnova@gmail.com, mobilePhone=+447911123456, user=null),
    Contact(id=4, firstName=Martin, lastName=Laanpere, jobTitle=Software Engineer, company=TLU, country=Estonia, email=martin_laanpere@gmail.com, mobilePhone=+3724444444, user=null)]
actual and expected values are collections of different size, actual size=0 when expected size=2

The recursive comparison was performed with this configuration:
- overridden equals methods were used in the comparison
- these types were compared with the following comparators:
  - java.lang.Double -> DoubleComparator[precision=1.0E-15]
  - java.lang.Float -> FloatComparator[precision=1.0E-6]
- actual and expected objects and their fields were compared field by field recursively even if they were not of the same type, this allows for example to compare a Person to a PersonDto (call strictTypeChecking(true) to change that behavior).

	at com.example.web.integration.ContactServiceIntegrationTest.shouldFindAllByFilterParamProperly(ContactServiceIntegrationTest.java:64)
]]></failure>
    <system-out><![CDATA[2021-09-28 17:03:34.310  INFO 5364 --- [           main] c.e.w.i.ContactServiceIntegrationTest    : Test findAllContactsByParam() method of the Contact service class
2021-09-28 17:03:34.311  INFO 5364 --- [           main] c.e.service.contact.ContactServiceImpl   : Receiving a page with filtering by fullname contacts
Hibernate: select contact0_.id as id1_1_, contact0_.company as company2_1_, contact0_.country as country3_1_, contact0_.email as email4_1_, contact0_.first_name as first_na5_1_, contact0_.job_title as job_titl6_1_, contact0_.last_name as last_nam7_1_, contact0_.mobile_phone as mobile_p8_1_, contact0_.user_id as user_id9_1_ from contact contact0_ where (contact0_.first_name like ?) and (contact0_.last_name like ?) or (contact0_.first_name like ?) and (contact0_.last_name like ?) limit ?
]]></system-out>
  </testcase>
  <testcase name="shouldUpdateContactByEmailProperly" classname="com.example.web.integration.ContactServiceIntegrationTest" time="0.029">
    <error message="The contact with email = maria_smirnova@gmail.com not found" type="com.example.exception.ContactNotFoundException">com.example.exception.ContactNotFoundException: The contact with email = maria_smirnova@gmail.com not found
	at com.example.web.integration.ContactServiceIntegrationTest.shouldUpdateContactByEmailProperly(ContactServiceIntegrationTest.java:86)
</error>
    <system-out><![CDATA[2021-09-28 17:03:34.327  INFO 5364 --- [           main] c.e.w.i.ContactServiceIntegrationTest    : Test updateContactByEmail() method of the Contact service class
2021-09-28 17:03:34.328  INFO 5364 --- [           main] c.e.service.contact.ContactServiceImpl   : Updating a contact by its email = maria_smirnova@gmail.com
Hibernate: select contact0_.id as id1_1_, contact0_.company as company2_1_, contact0_.country as country3_1_, contact0_.email as email4_1_, contact0_.first_name as first_na5_1_, contact0_.job_title as job_titl6_1_, contact0_.last_name as last_nam7_1_, contact0_.mobile_phone as mobile_p8_1_, contact0_.user_id as user_id9_1_ from contact contact0_ where contact0_.email=?
]]></system-out>
  </testcase>
  <testcase name="shouldThrowExceptionIfGetContactByIdWithWrongId" classname="com.example.web.integration.ContactServiceIntegrationTest" time="0.031"/>
  <testcase name="shouldSaveContactProperly" classname="com.example.web.integration.ContactServiceIntegrationTest" time="0.038">
    <failure message="&#10;Expecting:&#10;  &lt;Contact(id=6, firstName=David, lastName=Blane, jobTitle=HR, company=Apple, country=USA, email=david_blane@gmail.com, mobilePhone=+133333333, user=null)&gt;&#10;to be equal to:&#10;  &lt;Contact(id=1, firstName=David, lastName=Blane, jobTitle=HR, company=Apple, country=USA, email=david_blane@gmail.com, mobilePhone=+133333333, user=null)&gt;&#10;when recursively comparing field by field, but found the following difference:&#10;&#10;field/property &apos;id&apos; differ:&#10;- actual value   : 6L&#10;- expected value : 1L&#10;&#10;The recursive comparison was performed with this configuration:&#10;- overridden equals methods were used in the comparison&#10;- these types were compared with the following comparators:&#10;  - java.lang.Double -&gt; DoubleComparator[precision=1.0E-15]&#10;  - java.lang.Float -&gt; FloatComparator[precision=1.0E-6]&#10;- actual and expected objects and their fields were compared field by field recursively even if they were not of the same type, this allows for example to compare a Person to a PersonDto (call strictTypeChecking(true) to change that behavior).&#10;" type="java.lang.AssertionError"><![CDATA[java.lang.AssertionError: 

Expecting:
  <Contact(id=6, firstName=David, lastName=Blane, jobTitle=HR, company=Apple, country=USA, email=david_blane@gmail.com, mobilePhone=+133333333, user=null)>
to be equal to:
  <Contact(id=1, firstName=David, lastName=Blane, jobTitle=HR, company=Apple, country=USA, email=david_blane@gmail.com, mobilePhone=+133333333, user=null)>
when recursively comparing field by field, but found the following difference:

field/property 'id' differ:
- actual value   : 6L
- expected value : 1L

The recursive comparison was performed with this configuration:
- overridden equals methods were used in the comparison
- these types were compared with the following comparators:
  - java.lang.Double -> DoubleComparator[precision=1.0E-15]
  - java.lang.Float -> FloatComparator[precision=1.0E-6]
- actual and expected objects and their fields were compared field by field recursively even if they were not of the same type, this allows for example to compare a Person to a PersonDto (call strictTypeChecking(true) to change that behavior).

	at com.example.web.integration.ContactServiceIntegrationTest.shouldSaveContactProperly(ContactServiceIntegrationTest.java:76)
]]></failure>
    <system-out><![CDATA[2021-09-28 17:03:34.352  INFO 5364 --- [           main] c.e.w.i.ContactServiceIntegrationTest    : Test saveContact() method of the Contact service class
2021-09-28 17:03:34.352  INFO 5364 --- [           main] c.e.service.contact.ContactServiceImpl   : Storing a new contact
Hibernate: select contact0_.id as id1_1_0_, contact0_.company as company2_1_0_, contact0_.country as country3_1_0_, contact0_.email as email4_1_0_, contact0_.first_name as first_na5_1_0_, contact0_.job_title as job_titl6_1_0_, contact0_.last_name as last_nam7_1_0_, contact0_.mobile_phone as mobile_p8_1_0_, contact0_.user_id as user_id9_1_0_ from contact contact0_ where contact0_.id=?
Hibernate: call next value for contact_seq
Hibernate: insert into contact (company, country, email, first_name, job_title, last_name, mobile_phone, user_id, id) values (?, ?, ?, ?, ?, ?, ?, ?, ?)
]]></system-out>
  </testcase>
  <testcase name="shouldGetContactByEmailProperly" classname="com.example.web.integration.ContactServiceIntegrationTest" time="0.034">
    <error message="The contact with email = alex_davidson@gmail.com not found" type="com.example.exception.ContactNotFoundException">com.example.exception.ContactNotFoundException: The contact with email = alex_davidson@gmail.com not found
	at com.example.web.integration.ContactServiceIntegrationTest.shouldGetContactByEmailProperly(ContactServiceIntegrationTest.java:127)
</error>
    <system-out><![CDATA[2021-09-28 17:03:34.369  INFO 5364 --- [           main] c.e.w.i.ContactServiceIntegrationTest    : Test getContactByEmail() method of the Contact service class
2021-09-28 17:03:34.370  INFO 5364 --- [           main] c.e.service.contact.ContactServiceImpl   : Receiving a contact by its email = alex_davidson@gmail.com
Hibernate: select contact0_.id as id1_1_, contact0_.company as company2_1_, contact0_.country as country3_1_, contact0_.email as email4_1_, contact0_.first_name as first_na5_1_, contact0_.job_title as job_titl6_1_, contact0_.last_name as last_nam7_1_, contact0_.mobile_phone as mobile_p8_1_, contact0_.user_id as user_id9_1_ from contact contact0_ where contact0_.email=?
]]></system-out>
  </testcase>
  <testcase name="shouldDeleteContactByEmailProperly" classname="com.example.web.integration.ContactServiceIntegrationTest" time="0.056"/>
  <testcase name="shouldGetContactByIdProperly" classname="com.example.web.integration.ContactServiceIntegrationTest" time="0.031">
    <error message="A contact with id=1 not found" type="com.example.exception.ContactNotFoundException">com.example.exception.ContactNotFoundException: A contact with id=1 not found
	at com.example.web.integration.ContactServiceIntegrationTest.shouldGetContactByIdProperly(ContactServiceIntegrationTest.java:107)
</error>
    <system-out><![CDATA[2021-09-28 17:03:34.395  INFO 5364 --- [           main] c.e.w.i.ContactServiceIntegrationTest    : Test getContactById() method of the Contact service class
2021-09-28 17:03:34.395  INFO 5364 --- [           main] c.e.service.contact.ContactServiceImpl   : Receiving a contact by its id = 1
Hibernate: select contact0_.id as id1_1_0_, contact0_.company as company2_1_0_, contact0_.country as country3_1_0_, contact0_.email as email4_1_0_, contact0_.first_name as first_na5_1_0_, contact0_.job_title as job_titl6_1_0_, contact0_.last_name as last_nam7_1_0_, contact0_.mobile_phone as mobile_p8_1_0_, contact0_.user_id as user_id9_1_0_ from contact contact0_ where contact0_.id=?
]]></system-out>
  </testcase>
  <testcase name="shouldThrowExceptionIfUpdateContactByEmailWithWrongEmail" classname="com.example.web.integration.ContactServiceIntegrationTest" time="0.035"/>
</testsuite>